<?xml version="1.0" encoding="UTF-8"?>
<!-- Generated by org.testng.reporters.JUnitReportReporter -->
<testsuite hostname="Vandana" name="pakage.NewTest" tests="1" failures="0" timestamp="11 Apr 2019 16:34:23 GMT" time="0.030" errors="0">
  <testcase name="f" time="0.030" classname="pakage.NewTest"/>
</testsuite> <!-- pakage.NewTest -->
